<?xml version="1.0" encoding="UTF-8"?>
<testsuite name="com.example.project.LinearCalculatorTest" tests="4" skipped="0" failures="0" errors="0" timestamp="2024-10-19T16:27:39" hostname="codespaces-c86e28" time="0.129">
  <properties/>
  <testcase name="testFindSymmetry()" classname="com.example.project.LinearCalculatorTest" time="0.036"/>
  <testcase name="testMidpoint()" classname="com.example.project.LinearCalculatorTest" time="0.035"/>
  <testcase name="testPrintInfo1()" classname="com.example.project.LinearCalculatorTest" time="0.034"/>
  <testcase name="testPrintInfo2()" classname="com.example.project.LinearCalculatorTest" time="0.013"/>
  <system-out><![CDATA[]]></system-out>
  <system-err><![CDATA[]]></system-err>
</testsuite>
